<?xml version="1.0" encoding="UTF-8"?>
<!-- Generated by org.testng.reporters.JUnitReportReporter -->
<testsuite hostname="DESKTOP-NN19MM0" failures="0" tests="2" name="profileCompletion.AddProfileSection_Skills" time="24.186" errors="0" timestamp="2021-04-09T18:53:09 IST" skipped="0">
  <testcase classname="profileCompletion.AddProfileSection_Skills" name="addSkill" time="22.444"/>
  <system-out/>
  <testcase classname="profileCompletion.AddProfileSection_Skills" name="verifySkill" time="1.742"/>
  <system-out/>
</testsuite> <!-- profileCompletion.AddProfileSection_Skills -->
